[debug] [2022-09-22T15:37:27.632Z] ----------------------------------------------------------------------
[debug] [2022-09-22T15:37:27.632Z] Command:       /usr/local/bin/node /usr/local/bin/firebase deploy --only functions,hosting
[debug] [2022-09-22T15:37:27.633Z] CLI Version:   11.9.0
[debug] [2022-09-22T15:37:27.633Z] Platform:      darwin
[debug] [2022-09-22T15:37:27.633Z] Node Version:  v16.16.0
[debug] [2022-09-22T15:37:27.634Z] Time:          Thu Sep 22 2022 10:37:27 GMT-0500 (Colombia Standard Time)
[debug] [2022-09-22T15:37:27.634Z] ----------------------------------------------------------------------
[debug] 
[debug] [2022-09-22T15:37:27.662Z] > command requires scopes: ["email","openid","https://www.googleapis.com/auth/cloudplatformprojects.readonly","https://www.googleapis.com/auth/firebase","https://www.googleapis.com/auth/cloud-platform"]
[debug] [2022-09-22T15:37:27.662Z] > authorizing via signed-in user (yabcyesid12@gmail.com)
[debug] [2022-09-22T15:37:27.662Z] [iam] checking project tenet-poc for permissions ["cloudfunctions.functions.create","cloudfunctions.functions.delete","cloudfunctions.functions.get","cloudfunctions.functions.list","cloudfunctions.functions.update","cloudfunctions.operations.get","firebase.projects.get","firebasehosting.sites.update"]
[debug] [2022-09-22T15:37:27.663Z] >>> [apiv2][query] POST https://cloudresourcemanager.googleapis.com/v1/projects/tenet-poc:testIamPermissions [none]
[debug] [2022-09-22T15:37:27.663Z] >>> [apiv2][(partial)header] POST https://cloudresourcemanager.googleapis.com/v1/projects/tenet-poc:testIamPermissions x-goog-quota-user=projects/tenet-poc
[debug] [2022-09-22T15:37:27.663Z] >>> [apiv2][body] POST https://cloudresourcemanager.googleapis.com/v1/projects/tenet-poc:testIamPermissions {"permissions":["cloudfunctions.functions.create","cloudfunctions.functions.delete","cloudfunctions.functions.get","cloudfunctions.functions.list","cloudfunctions.functions.update","cloudfunctions.operations.get","firebase.projects.get","firebasehosting.sites.update"]}
[debug] [2022-09-22T15:37:27.966Z] <<< [apiv2][status] POST https://cloudresourcemanager.googleapis.com/v1/projects/tenet-poc:testIamPermissions 200
[debug] [2022-09-22T15:37:27.966Z] <<< [apiv2][body] POST https://cloudresourcemanager.googleapis.com/v1/projects/tenet-poc:testIamPermissions {"permissions":["cloudfunctions.functions.create","cloudfunctions.functions.delete","cloudfunctions.functions.get","cloudfunctions.functions.list","cloudfunctions.functions.update","cloudfunctions.operations.get","firebase.projects.get","firebasehosting.sites.update"]}
[debug] [2022-09-22T15:37:27.967Z] >>> [apiv2][query] POST https://iam.googleapis.com/v1/projects/tenet-poc/serviceAccounts/tenet-poc@appspot.gserviceaccount.com:testIamPermissions [none]
[debug] [2022-09-22T15:37:27.967Z] >>> [apiv2][body] POST https://iam.googleapis.com/v1/projects/tenet-poc/serviceAccounts/tenet-poc@appspot.gserviceaccount.com:testIamPermissions {"permissions":["iam.serviceAccounts.actAs"]}
[debug] [2022-09-22T15:37:28.621Z] <<< [apiv2][status] POST https://iam.googleapis.com/v1/projects/tenet-poc/serviceAccounts/tenet-poc@appspot.gserviceaccount.com:testIamPermissions 200
[debug] [2022-09-22T15:37:28.622Z] <<< [apiv2][body] POST https://iam.googleapis.com/v1/projects/tenet-poc/serviceAccounts/tenet-poc@appspot.gserviceaccount.com:testIamPermissions {"permissions":["iam.serviceAccounts.actAs"]}
[debug] [2022-09-22T15:37:28.623Z] >>> [apiv2][query] GET https://firebase.googleapis.com/v1beta1/projects/tenet-poc [none]
[debug] [2022-09-22T15:37:28.996Z] <<< [apiv2][status] GET https://firebase.googleapis.com/v1beta1/projects/tenet-poc 200
[debug] [2022-09-22T15:37:28.996Z] <<< [apiv2][body] GET https://firebase.googleapis.com/v1beta1/projects/tenet-poc {"projectId":"tenet-poc","projectNumber":"1059315983693","displayName":"tenet-poc","name":"projects/tenet-poc","resources":{"hostingSite":"tenet-poc"},"state":"ACTIVE","etag":"1_91fb9d48-9f6d-44d3-a92f-4d967192bee3"}
[info] 
[info] === Deploying to 'tenet-poc'...
[info] 
[info] i  deploying functions, hosting 
[debug] [2022-09-22T15:37:29.000Z] >>> [apiv2][query] GET https://firebase.googleapis.com/v1beta1/projects/tenet-poc [none]
[debug] [2022-09-22T15:37:29.543Z] <<< [apiv2][status] GET https://firebase.googleapis.com/v1beta1/projects/tenet-poc 200
[debug] [2022-09-22T15:37:29.543Z] <<< [apiv2][body] GET https://firebase.googleapis.com/v1beta1/projects/tenet-poc {"projectId":"tenet-poc","projectNumber":"1059315983693","displayName":"tenet-poc","name":"projects/tenet-poc","resources":{"hostingSite":"tenet-poc"},"state":"ACTIVE","etag":"1_91fb9d48-9f6d-44d3-a92f-4d967192bee3"}
[info] i  functions: ensuring required API cloudfunctions.googleapis.com is enabled... 
[info] i  functions: ensuring required API cloudbuild.googleapis.com is enabled... 
[info] i  artifactregistry: ensuring required API artifactregistry.googleapis.com is enabled... 
[debug] [2022-09-22T15:37:29.546Z] >>> [apiv2][query] GET https://serviceusage.googleapis.com/v1/projects/tenet-poc/services/cloudfunctions.googleapis.com [none]
[debug] [2022-09-22T15:37:29.547Z] >>> [apiv2][query] GET https://serviceusage.googleapis.com/v1/projects/tenet-poc/services/runtimeconfig.googleapis.com [none]
[debug] [2022-09-22T15:37:29.548Z] >>> [apiv2][query] GET https://serviceusage.googleapis.com/v1/projects/tenet-poc/services/cloudbuild.googleapis.com [none]
[debug] [2022-09-22T15:37:29.548Z] >>> [apiv2][query] GET https://serviceusage.googleapis.com/v1/projects/tenet-poc/services/artifactregistry.googleapis.com [none]
[debug] [2022-09-22T15:37:30.366Z] <<< [apiv2][status] GET https://serviceusage.googleapis.com/v1/projects/tenet-poc/services/runtimeconfig.googleapis.com 200
[debug] [2022-09-22T15:37:30.366Z] <<< [apiv2][body] GET https://serviceusage.googleapis.com/v1/projects/tenet-poc/services/runtimeconfig.googleapis.com [omitted]
[debug] [2022-09-22T15:37:30.367Z] <<< [apiv2][status] GET https://serviceusage.googleapis.com/v1/projects/tenet-poc/services/artifactregistry.googleapis.com 200
[debug] [2022-09-22T15:37:30.367Z] <<< [apiv2][body] GET https://serviceusage.googleapis.com/v1/projects/tenet-poc/services/artifactregistry.googleapis.com [omitted]
[info] ✔  artifactregistry: required API artifactregistry.googleapis.com is enabled 
[debug] [2022-09-22T15:37:30.368Z] <<< [apiv2][status] GET https://serviceusage.googleapis.com/v1/projects/tenet-poc/services/cloudfunctions.googleapis.com 200
[debug] [2022-09-22T15:37:30.368Z] <<< [apiv2][body] GET https://serviceusage.googleapis.com/v1/projects/tenet-poc/services/cloudfunctions.googleapis.com [omitted]
[info] ✔  functions: required API cloudfunctions.googleapis.com is enabled 
[debug] [2022-09-22T15:37:30.370Z] <<< [apiv2][status] GET https://serviceusage.googleapis.com/v1/projects/tenet-poc/services/cloudbuild.googleapis.com 200
[debug] [2022-09-22T15:37:30.370Z] <<< [apiv2][body] GET https://serviceusage.googleapis.com/v1/projects/tenet-poc/services/cloudbuild.googleapis.com [omitted]
[info] ✔  functions: required API cloudbuild.googleapis.com is enabled 
[debug] [2022-09-22T15:37:30.370Z] >>> [apiv2][query] GET https://firebase.googleapis.com/v1beta1/projects/tenet-poc/adminSdkConfig [none]
[debug] [2022-09-22T15:37:30.774Z] <<< [apiv2][status] GET https://firebase.googleapis.com/v1beta1/projects/tenet-poc/adminSdkConfig 200
[debug] [2022-09-22T15:37:30.775Z] <<< [apiv2][body] GET https://firebase.googleapis.com/v1beta1/projects/tenet-poc/adminSdkConfig {"projectId":"tenet-poc","storageBucket":"tenet-poc.appspot.com"}
[debug] [2022-09-22T15:37:30.776Z] >>> [apiv2][query] GET https://runtimeconfig.googleapis.com/v1beta1/projects/tenet-poc/configs [none]
[debug] [2022-09-22T15:37:31.385Z] <<< [apiv2][status] GET https://runtimeconfig.googleapis.com/v1beta1/projects/tenet-poc/configs 200
[debug] [2022-09-22T15:37:31.385Z] <<< [apiv2][body] GET https://runtimeconfig.googleapis.com/v1beta1/projects/tenet-poc/configs {}
[info] i  functions: preparing codebase default for deployment 
[debug] [2022-09-22T15:37:31.387Z] Validating nodejs source
[debug] [2022-09-22T15:37:32.221Z] > [functions] package.json contents: {
  "name": "tenet-poc",
  "version": "0.1.0",
  "main": "function.js",
  "private": true,
  "scripts": {
    "dev": "next dev",
    "build": "next build",
    "export": "next export",
    "start": "next start",
    "lint": "next lint",
    "deploy": "next build && cross-env NODE_ENV=production firebase deploy --only functions,hosting"
  },
  "dependencies": {
    "cross-env": "^7.0.3",
    "firebase-admin": "^11.0.1",
    "firebase-functions": "^3.24.0",
    "next": "^12.3.1",
    "react": "^18.2.0",
    "react-dom": "^18.2.0"
  },
  "devDependencies": {
    "eslint": "8.23.1",
    "eslint-config-next": "12.3.1"
  }
}
[debug] [2022-09-22T15:37:32.221Z] Building nodejs source
[debug] [2022-09-22T15:37:32.222Z] Could not find functions.yaml. Must use http discovery
[debug] [2022-09-22T15:37:32.316Z] Serving at port 9005

[debug] [2022-09-22T15:37:32.471Z] Got response from /__/functions.yaml {"endpoints":{"nextServer":{"platform":"gcfv1","httpsTrigger":{},"entryPoint":"nextServer"}},"specVersion":"v1alpha1","requiredAPIs":[]}
[debug] [2022-09-22T15:37:32.474Z] shutdown requested via /__/quitquitquit

[info] i  functions: preparing . directory for uploading... 
[info] i  functions: packaged /Users/yesidbejarano/Documents/stock/tenet-poc (22.48 MB) for uploading 
[debug] [2022-09-22T15:37:33.464Z] >>> [apiv2][query] GET https://cloudfunctions.googleapis.com/v1/projects/tenet-poc/locations/-/functions [none]
[debug] [2022-09-22T15:37:34.150Z] <<< [apiv2][status] GET https://cloudfunctions.googleapis.com/v1/projects/tenet-poc/locations/-/functions 200
[debug] [2022-09-22T15:37:34.150Z] <<< [apiv2][body] GET https://cloudfunctions.googleapis.com/v1/projects/tenet-poc/locations/-/functions {"functions":[{"name":"projects/tenet-poc/locations/us-central1/functions/nextServer","httpsTrigger":{"url":"https://us-central1-tenet-poc.cloudfunctions.net/nextServer","securityLevel":"SECURE_ALWAYS"},"status":"OFFLINE","entryPoint":"nextServer","timeout":"60s","availableMemoryMb":256,"serviceAccountEmail":"tenet-poc@appspot.gserviceaccount.com","updateTime":"2022-09-22T15:09:30.270Z","versionId":"3","labels":{"deployment-tool":"cli-firebase"},"sourceUploadUrl":"https://storage.googleapis.com/uploads-930099791781.us-central1.cloudfunctions.appspot.com/81e9abe6-f559-4740-b764-5ec3dcf9bee5.zip","environmentVariables":{"FIREBASE_CONFIG":"{\"projectId\":\"tenet-poc\",\"storageBucket\":\"tenet-poc.appspot.com\"}","GCLOUD_PROJECT":"tenet-poc"},"runtime":"nodejs10","ingressSettings":"ALLOW_ALL","buildId":"38c334d2-4d94-4d7d-b82f-ea3f8f8d505b","buildName":"projects/1059315983693/locations/us-central1/builds/38c334d2-4d94-4d7d-b82f-ea3f8f8d505b","dockerRegistry":"ARTIFACT_REGISTRY"}]}
[debug] [2022-09-22T15:37:34.151Z] >>> [apiv2][query] GET https://cloudfunctions.googleapis.com/v2alpha/projects/tenet-poc/locations/-/functions [none]
[debug] [2022-09-22T15:37:34.862Z] <<< [apiv2][status] GET https://cloudfunctions.googleapis.com/v2alpha/projects/tenet-poc/locations/-/functions 200
[debug] [2022-09-22T15:37:34.863Z] <<< [apiv2][body] GET https://cloudfunctions.googleapis.com/v2alpha/projects/tenet-poc/locations/-/functions {}
[debug] [2022-09-22T15:37:34.870Z] >>> [apiv2][query] GET https://firebase.googleapis.com/v1beta1/projects/tenet-poc [none]
[debug] [2022-09-22T15:37:35.197Z] <<< [apiv2][status] GET https://firebase.googleapis.com/v1beta1/projects/tenet-poc 200
[debug] [2022-09-22T15:37:35.198Z] <<< [apiv2][body] GET https://firebase.googleapis.com/v1beta1/projects/tenet-poc {"projectId":"tenet-poc","projectNumber":"1059315983693","displayName":"tenet-poc","name":"projects/tenet-poc","resources":{"hostingSite":"tenet-poc"},"state":"ACTIVE","etag":"1_91fb9d48-9f6d-44d3-a92f-4d967192bee3"}
[debug] [2022-09-22T15:37:35.202Z] >>> [apiv2][query] POST https://firebasehosting.googleapis.com/v1beta1/projects/1059315983693/sites/tenet-poc/versions [none]
[debug] [2022-09-22T15:37:35.202Z] >>> [apiv2][body] POST https://firebasehosting.googleapis.com/v1beta1/projects/1059315983693/sites/tenet-poc/versions {"config":{"rewrites":[{"glob":"**","function":"nextServer","functionRegion":"us-central1"}]},"labels":{"deployment-tool":"cli-firebase"}}
[debug] [2022-09-22T15:37:36.403Z] <<< [apiv2][status] POST https://firebasehosting.googleapis.com/v1beta1/projects/1059315983693/sites/tenet-poc/versions 200
[debug] [2022-09-22T15:37:36.403Z] <<< [apiv2][body] POST https://firebasehosting.googleapis.com/v1beta1/projects/1059315983693/sites/tenet-poc/versions {"name":"projects/1059315983693/sites/tenet-poc/versions/c3c534debfd92cca","status":"CREATED","config":{"rewrites":[{"functionRegion":"us-central1","glob":"**","function":"nextServer"}]},"labels":{"deployment-tool":"cli-firebase"}}
[debug] [2022-09-22T15:37:36.407Z] >>> [apiv2][query] POST https://cloudfunctions.googleapis.com/v1/projects/tenet-poc/locations/us-central1/functions:generateUploadUrl [none]
[debug] [2022-09-22T15:37:36.407Z] >>> [apiv2][body] POST https://cloudfunctions.googleapis.com/v1/projects/tenet-poc/locations/us-central1/functions:generateUploadUrl {}
[debug] [2022-09-22T15:37:37.116Z] <<< [apiv2][status] POST https://cloudfunctions.googleapis.com/v1/projects/tenet-poc/locations/us-central1/functions:generateUploadUrl 200
[debug] [2022-09-22T15:37:37.116Z] <<< [apiv2][body] POST https://cloudfunctions.googleapis.com/v1/projects/tenet-poc/locations/us-central1/functions:generateUploadUrl {"uploadUrl":"https://storage.googleapis.com/uploads-930099791781.us-central1.cloudfunctions.appspot.com/c9a91a00-5d53-4c5d-86bc-2646f1a6e607.zip?GoogleAccessId=service-1059315983693@gcf-admin-robot.iam.gserviceaccount.com&Expires=1663862857&Signature=DacDGu8PWpnteX5QPWwjV4IfoBEbp8eyWOySY5Uz2vnJiDHeaGbWZOIZVmsXWGxtfbVJ8llULtyZxstt9E%2B4WYyXpctGzDYKy3BK8kft4Vm29zsmCQNi%2FIGtKvUe9l4ICb7X0bh2d8%2B6FMiEZbMRL3fzMzpiL%2B3G22Ejv%2FAmMQDNvhro29ORx6kmBS9ZVtmlayvyvb0HCurtB7B172nOFdur%2B1X4vOcDGpdp%2BRAo5IimPpDyfyKs462E60TnQdoVoBu30aiLGGai7Dj%2BKfsJFP7WE2%2F7zGhfdJ%2FoBaHq6IvC%2Bnn4PJ9CRe0LlwU%2FcW6tYV3Ymw33F8ifq0hVpNkN8g%3D%3D"}
[debug] [2022-09-22T15:37:37.118Z] >>> [apiv2][query] PUT https://storage.googleapis.com/uploads-930099791781.us-central1.cloudfunctions.appspot.com/c9a91a00-5d53-4c5d-86bc-2646f1a6e607.zip GoogleAccessId=service-1059315983693%40gcf-admin-robot.iam.gserviceaccount.com&Expires=1663862857&Signature=DacDGu8PWpnteX5QPWwjV4IfoBEbp8eyWOySY5Uz2vnJiDHeaGbWZOIZVmsXWGxtfbVJ8llULtyZxstt9E%2B4WYyXpctGzDYKy3BK8kft4Vm29zsmCQNi%2FIGtKvUe9l4ICb7X0bh2d8%2B6FMiEZbMRL3fzMzpiL%2B3G22Ejv%2FAmMQDNvhro29ORx6kmBS9ZVtmlayvyvb0HCurtB7B172nOFdur%2B1X4vOcDGpdp%2BRAo5IimPpDyfyKs462E60TnQdoVoBu30aiLGGai7Dj%2BKfsJFP7WE2%2F7zGhfdJ%2FoBaHq6IvC%2Bnn4PJ9CRe0LlwU%2FcW6tYV3Ymw33F8ifq0hVpNkN8g%3D%3D
[debug] [2022-09-22T15:37:37.118Z] >>> [apiv2][body] PUT https://storage.googleapis.com/uploads-930099791781.us-central1.cloudfunctions.appspot.com/c9a91a00-5d53-4c5d-86bc-2646f1a6e607.zip [stream]
[debug] [2022-09-22T15:37:44.884Z] <<< [apiv2][status] PUT https://storage.googleapis.com/uploads-930099791781.us-central1.cloudfunctions.appspot.com/c9a91a00-5d53-4c5d-86bc-2646f1a6e607.zip 200
[debug] [2022-09-22T15:37:44.885Z] <<< [apiv2][body] PUT https://storage.googleapis.com/uploads-930099791781.us-central1.cloudfunctions.appspot.com/c9a91a00-5d53-4c5d-86bc-2646f1a6e607.zip [omitted]
[info] ✔  functions: . folder uploaded successfully 
[info] i  hosting[tenet-poc]: beginning deploy... 
[info] i  hosting[tenet-poc]: found 3 files in public 
[debug] [2022-09-22T15:37:44.893Z] [hosting] uploading with 200 concurrency
[debug] [2022-09-22T15:37:44.898Z] [hosting] hash cache [cHVibGlj] stored for 3 files
[debug] [2022-09-22T15:37:44.898Z] [hosting][hash queue][FINAL] {"max":1,"min":0,"avg":0,"active":0,"complete":3,"success":3,"errored":0,"retried":0,"total":3,"elapsed":2}
[debug] [2022-09-22T15:37:44.899Z] >>> [apiv2][query] POST https://firebasehosting.googleapis.com/v1beta1/projects/1059315983693/sites/tenet-poc/versions/c3c534debfd92cca:populateFiles [none]
[debug] [2022-09-22T15:37:44.899Z] >>> [apiv2][body] POST https://firebasehosting.googleapis.com/v1beta1/projects/1059315983693/sites/tenet-poc/versions/c3c534debfd92cca:populateFiles {"files":{"/404.html":"05cbc6f94d7a69ce2e29646eab13be2c884e61ba93e3094df5028866876d18b3","/favicon.ico":"04614fc32690cb60b39e472119b7f7aa91d88eaeb8511a7489f8cbe1552e6e59","/vercel.svg":"52e0371390cc99e009fdfa1f1c9559010afed60b86f5caaf036bf9bc14ab2501"}}
[debug] [2022-09-22T15:37:45.717Z] <<< [apiv2][status] POST https://firebasehosting.googleapis.com/v1beta1/projects/1059315983693/sites/tenet-poc/versions/c3c534debfd92cca:populateFiles 200
[debug] [2022-09-22T15:37:45.717Z] <<< [apiv2][body] POST https://firebasehosting.googleapis.com/v1beta1/projects/1059315983693/sites/tenet-poc/versions/c3c534debfd92cca:populateFiles {"uploadUrl":"https://upload-firebasehosting.googleapis.com/upload/sites/tenet-poc/versions/c3c534debfd92cca/files"}
[debug] [2022-09-22T15:37:45.718Z] [hosting][populate queue][FINAL] {"max":821,"min":821,"avg":821,"active":0,"complete":1,"success":1,"errored":0,"retried":0,"total":1,"elapsed":821}
[debug] [2022-09-22T15:37:45.718Z] [hosting] uploads queued: 0
[debug] [2022-09-22T15:37:45.718Z] [hosting][upload queue][FINAL] {"max":0,"min":9999999999,"avg":0,"active":0,"complete":0,"success":0,"errored":0,"retried":0,"total":0,"elapsed":1663861065718}
[info] ✔  hosting[tenet-poc]: file upload complete 
[debug] [2022-09-22T15:37:45.721Z] [hosting] deploy completed after 832ms
[info] i  functions: updating Node.js 10 function nextServer(us-central1)... 
[debug] [2022-09-22T15:37:45.727Z] >>> [apiv2][query] PATCH https://cloudfunctions.googleapis.com/v1/projects/tenet-poc/locations/us-central1/functions/nextServer updateMask=name%2CsourceUploadUrl%2CentryPoint%2Cruntime%2CdockerRegistry%2Clabels%2ChttpsTrigger.securityLevel%2CenvironmentVariables%2CavailableMemoryMb%2CsourceToken
[debug] [2022-09-22T15:37:45.727Z] >>> [apiv2][body] PATCH https://cloudfunctions.googleapis.com/v1/projects/tenet-poc/locations/us-central1/functions/nextServer {"name":"projects/tenet-poc/locations/us-central1/functions/nextServer","sourceUploadUrl":"https://storage.googleapis.com/uploads-930099791781.us-central1.cloudfunctions.appspot.com/c9a91a00-5d53-4c5d-86bc-2646f1a6e607.zip?GoogleAccessId=service-1059315983693@gcf-admin-robot.iam.gserviceaccount.com&Expires=1663862857&Signature=DacDGu8PWpnteX5QPWwjV4IfoBEbp8eyWOySY5Uz2vnJiDHeaGbWZOIZVmsXWGxtfbVJ8llULtyZxstt9E%2B4WYyXpctGzDYKy3BK8kft4Vm29zsmCQNi%2FIGtKvUe9l4ICb7X0bh2d8%2B6FMiEZbMRL3fzMzpiL%2B3G22Ejv%2FAmMQDNvhro29ORx6kmBS9ZVtmlayvyvb0HCurtB7B172nOFdur%2B1X4vOcDGpdp%2BRAo5IimPpDyfyKs462E60TnQdoVoBu30aiLGGai7Dj%2BKfsJFP7WE2%2F7zGhfdJ%2FoBaHq6IvC%2Bnn4PJ9CRe0LlwU%2FcW6tYV3Ymw33F8ifq0hVpNkN8g%3D%3D","entryPoint":"nextServer","runtime":"nodejs10","dockerRegistry":"ARTIFACT_REGISTRY","labels":{"deployment-tool":"cli-firebase"},"httpsTrigger":{"securityLevel":"SECURE_ALWAYS"},"environmentVariables":{"FIREBASE_CONFIG":"{\"projectId\":\"tenet-poc\",\"storageBucket\":\"tenet-poc.appspot.com\"}","GCLOUD_PROJECT":"tenet-poc"},"availableMemoryMb":256}
[debug] [2022-09-22T15:37:46.438Z] <<< [apiv2][status] PATCH https://cloudfunctions.googleapis.com/v1/projects/tenet-poc/locations/us-central1/functions/nextServer 200
[debug] [2022-09-22T15:37:46.439Z] <<< [apiv2][body] PATCH https://cloudfunctions.googleapis.com/v1/projects/tenet-poc/locations/us-central1/functions/nextServer {"name":"operations/dGVuZXQtcG9jL3VzLWNlbnRyYWwxL25leHRTZXJ2ZXIvczdRS0dpSjJtOTQ","metadata":{"@type":"type.googleapis.com/google.cloud.functions.v1.OperationMetadataV1","target":"projects/tenet-poc/locations/us-central1/functions/nextServer","type":"UPDATE_FUNCTION","request":{"@type":"type.googleapis.com/google.cloud.functions.v1.CloudFunction","name":"projects/tenet-poc/locations/us-central1/functions/nextServer","httpsTrigger":{"url":"https://us-central1-tenet-poc.cloudfunctions.net/nextServer","securityLevel":"SECURE_ALWAYS"},"status":"OFFLINE","entryPoint":"nextServer","timeout":"60s","availableMemoryMb":256,"serviceAccountEmail":"tenet-poc@appspot.gserviceaccount.com","updateTime":"2022-09-22T15:09:30.270Z","versionId":"3","labels":{"deployment-tool":"cli-firebase"},"sourceUploadUrl":"https://storage.googleapis.com/uploads-930099791781.us-central1.cloudfunctions.appspot.com/c9a91a00-5d53-4c5d-86bc-2646f1a6e607.zip?GoogleAccessId=service-1059315983693@gcf-admin-robot.iam.gserviceaccount.com&Expires=1663862857&Signature=DacDGu8PWpnteX5QPWwjV4IfoBEbp8eyWOySY5Uz2vnJiDHeaGbWZOIZVmsXWGxtfbVJ8llULtyZxstt9E%2B4WYyXpctGzDYKy3BK8kft4Vm29zsmCQNi%2FIGtKvUe9l4ICb7X0bh2d8%2B6FMiEZbMRL3fzMzpiL%2B3G22Ejv%2FAmMQDNvhro29ORx6kmBS9ZVtmlayvyvb0HCurtB7B172nOFdur%2B1X4vOcDGpdp%2BRAo5IimPpDyfyKs462E60TnQdoVoBu30aiLGGai7Dj%2BKfsJFP7WE2%2F7zGhfdJ%2FoBaHq6IvC%2Bnn4PJ9CRe0LlwU%2FcW6tYV3Ymw33F8ifq0hVpNkN8g%3D%3D","environmentVariables":{"FIREBASE_CONFIG":"{\"projectId\":\"tenet-poc\",\"storageBucket\":\"tenet-poc.appspot.com\"}","GCLOUD_PROJECT":"tenet-poc"},"runtime":"nodejs10","ingressSettings":"ALLOW_ALL","buildId":"38c334d2-4d94-4d7d-b82f-ea3f8f8d505b","buildName":"projects/1059315983693/locations/us-central1/builds/38c334d2-4d94-4d7d-b82f-ea3f8f8d505b","dockerRegistry":"ARTIFACT_REGISTRY"},"versionId":"4","updateTime":"2022-09-22T15:37:46Z"}}
[debug] [2022-09-22T15:37:46.440Z] >>> [apiv2][query] GET https://cloudfunctions.googleapis.com/v1/operations/dGVuZXQtcG9jL3VzLWNlbnRyYWwxL25leHRTZXJ2ZXIvczdRS0dpSjJtOTQ [none]
[debug] [2022-09-22T15:37:46.841Z] <<< [apiv2][status] GET https://cloudfunctions.googleapis.com/v1/operations/dGVuZXQtcG9jL3VzLWNlbnRyYWwxL25leHRTZXJ2ZXIvczdRS0dpSjJtOTQ 200
[debug] [2022-09-22T15:37:46.842Z] <<< [apiv2][body] GET https://cloudfunctions.googleapis.com/v1/operations/dGVuZXQtcG9jL3VzLWNlbnRyYWwxL25leHRTZXJ2ZXIvczdRS0dpSjJtOTQ {"name":"operations/dGVuZXQtcG9jL3VzLWNlbnRyYWwxL25leHRTZXJ2ZXIvczdRS0dpSjJtOTQ","metadata":{"@type":"type.googleapis.com/google.cloud.functions.v1.OperationMetadataV1","target":"projects/tenet-poc/locations/us-central1/functions/nextServer","type":"UPDATE_FUNCTION","request":{"@type":"type.googleapis.com/google.cloud.functions.v1.CloudFunction","name":"projects/tenet-poc/locations/us-central1/functions/nextServer","httpsTrigger":{"url":"https://us-central1-tenet-poc.cloudfunctions.net/nextServer","securityLevel":"SECURE_ALWAYS"},"status":"OFFLINE","entryPoint":"nextServer","timeout":"60s","availableMemoryMb":256,"serviceAccountEmail":"tenet-poc@appspot.gserviceaccount.com","updateTime":"2022-09-22T15:09:30.270Z","versionId":"3","labels":{"deployment-tool":"cli-firebase"},"sourceUploadUrl":"https://storage.googleapis.com/uploads-930099791781.us-central1.cloudfunctions.appspot.com/c9a91a00-5d53-4c5d-86bc-2646f1a6e607.zip?GoogleAccessId=service-1059315983693@gcf-admin-robot.iam.gserviceaccount.com&Expires=1663862857&Signature=DacDGu8PWpnteX5QPWwjV4IfoBEbp8eyWOySY5Uz2vnJiDHeaGbWZOIZVmsXWGxtfbVJ8llULtyZxstt9E%2B4WYyXpctGzDYKy3BK8kft4Vm29zsmCQNi%2FIGtKvUe9l4ICb7X0bh2d8%2B6FMiEZbMRL3fzMzpiL%2B3G22Ejv%2FAmMQDNvhro29ORx6kmBS9ZVtmlayvyvb0HCurtB7B172nOFdur%2B1X4vOcDGpdp%2BRAo5IimPpDyfyKs462E60TnQdoVoBu30aiLGGai7Dj%2BKfsJFP7WE2%2F7zGhfdJ%2FoBaHq6IvC%2Bnn4PJ9CRe0LlwU%2FcW6tYV3Ymw33F8ifq0hVpNkN8g%3D%3D","environmentVariables":{"FIREBASE_CONFIG":"{\"projectId\":\"tenet-poc\",\"storageBucket\":\"tenet-poc.appspot.com\"}","GCLOUD_PROJECT":"tenet-poc"},"runtime":"nodejs10","ingressSettings":"ALLOW_ALL","buildId":"38c334d2-4d94-4d7d-b82f-ea3f8f8d505b","buildName":"projects/1059315983693/locations/us-central1/builds/38c334d2-4d94-4d7d-b82f-ea3f8f8d505b","dockerRegistry":"ARTIFACT_REGISTRY"},"versionId":"4","updateTime":"2022-09-22T15:37:46Z"}}
[debug] [2022-09-22T15:37:47.344Z] [update-default-us-central1-nextServer] Retrying task index 0
[debug] [2022-09-22T15:37:47.344Z] >>> [apiv2][query] GET https://cloudfunctions.googleapis.com/v1/operations/dGVuZXQtcG9jL3VzLWNlbnRyYWwxL25leHRTZXJ2ZXIvczdRS0dpSjJtOTQ [none]
[debug] [2022-09-22T15:37:47.873Z] <<< [apiv2][status] GET https://cloudfunctions.googleapis.com/v1/operations/dGVuZXQtcG9jL3VzLWNlbnRyYWwxL25leHRTZXJ2ZXIvczdRS0dpSjJtOTQ 200
[debug] [2022-09-22T15:37:47.873Z] <<< [apiv2][body] GET https://cloudfunctions.googleapis.com/v1/operations/dGVuZXQtcG9jL3VzLWNlbnRyYWwxL25leHRTZXJ2ZXIvczdRS0dpSjJtOTQ {"name":"operations/dGVuZXQtcG9jL3VzLWNlbnRyYWwxL25leHRTZXJ2ZXIvczdRS0dpSjJtOTQ","metadata":{"@type":"type.googleapis.com/google.cloud.functions.v1.OperationMetadataV1","target":"projects/tenet-poc/locations/us-central1/functions/nextServer","type":"UPDATE_FUNCTION","request":{"@type":"type.googleapis.com/google.cloud.functions.v1.CloudFunction","name":"projects/tenet-poc/locations/us-central1/functions/nextServer","httpsTrigger":{"url":"https://us-central1-tenet-poc.cloudfunctions.net/nextServer","securityLevel":"SECURE_ALWAYS"},"status":"OFFLINE","entryPoint":"nextServer","timeout":"60s","availableMemoryMb":256,"serviceAccountEmail":"tenet-poc@appspot.gserviceaccount.com","updateTime":"2022-09-22T15:09:30.270Z","versionId":"3","labels":{"deployment-tool":"cli-firebase"},"sourceUploadUrl":"https://storage.googleapis.com/uploads-930099791781.us-central1.cloudfunctions.appspot.com/c9a91a00-5d53-4c5d-86bc-2646f1a6e607.zip?GoogleAccessId=service-1059315983693@gcf-admin-robot.iam.gserviceaccount.com&Expires=1663862857&Signature=DacDGu8PWpnteX5QPWwjV4IfoBEbp8eyWOySY5Uz2vnJiDHeaGbWZOIZVmsXWGxtfbVJ8llULtyZxstt9E%2B4WYyXpctGzDYKy3BK8kft4Vm29zsmCQNi%2FIGtKvUe9l4ICb7X0bh2d8%2B6FMiEZbMRL3fzMzpiL%2B3G22Ejv%2FAmMQDNvhro29ORx6kmBS9ZVtmlayvyvb0HCurtB7B172nOFdur%2B1X4vOcDGpdp%2BRAo5IimPpDyfyKs462E60TnQdoVoBu30aiLGGai7Dj%2BKfsJFP7WE2%2F7zGhfdJ%2FoBaHq6IvC%2Bnn4PJ9CRe0LlwU%2FcW6tYV3Ymw33F8ifq0hVpNkN8g%3D%3D","environmentVariables":{"FIREBASE_CONFIG":"{\"projectId\":\"tenet-poc\",\"storageBucket\":\"tenet-poc.appspot.com\"}","GCLOUD_PROJECT":"tenet-poc"},"runtime":"nodejs10","ingressSettings":"ALLOW_ALL","buildId":"38c334d2-4d94-4d7d-b82f-ea3f8f8d505b","buildName":"projects/1059315983693/locations/us-central1/builds/38c334d2-4d94-4d7d-b82f-ea3f8f8d505b","dockerRegistry":"ARTIFACT_REGISTRY"},"versionId":"4","updateTime":"2022-09-22T15:37:46Z","buildId":"d011d20c-1760-495d-acc4-0177609e20b6","buildName":"projects/1059315983693/locations/us-central1/builds/d011d20c-1760-495d-acc4-0177609e20b6"}}
[debug] [2022-09-22T15:37:48.874Z] [update-default-us-central1-nextServer] Retrying task index 0
[debug] [2022-09-22T15:37:48.876Z] >>> [apiv2][query] GET https://cloudfunctions.googleapis.com/v1/operations/dGVuZXQtcG9jL3VzLWNlbnRyYWwxL25leHRTZXJ2ZXIvczdRS0dpSjJtOTQ [none]
[debug] [2022-09-22T15:37:49.340Z] <<< [apiv2][status] GET https://cloudfunctions.googleapis.com/v1/operations/dGVuZXQtcG9jL3VzLWNlbnRyYWwxL25leHRTZXJ2ZXIvczdRS0dpSjJtOTQ 200
[debug] [2022-09-22T15:37:49.340Z] <<< [apiv2][body] GET https://cloudfunctions.googleapis.com/v1/operations/dGVuZXQtcG9jL3VzLWNlbnRyYWwxL25leHRTZXJ2ZXIvczdRS0dpSjJtOTQ {"name":"operations/dGVuZXQtcG9jL3VzLWNlbnRyYWwxL25leHRTZXJ2ZXIvczdRS0dpSjJtOTQ","metadata":{"@type":"type.googleapis.com/google.cloud.functions.v1.OperationMetadataV1","target":"projects/tenet-poc/locations/us-central1/functions/nextServer","type":"UPDATE_FUNCTION","request":{"@type":"type.googleapis.com/google.cloud.functions.v1.CloudFunction","name":"projects/tenet-poc/locations/us-central1/functions/nextServer","httpsTrigger":{"url":"https://us-central1-tenet-poc.cloudfunctions.net/nextServer","securityLevel":"SECURE_ALWAYS"},"status":"OFFLINE","entryPoint":"nextServer","timeout":"60s","availableMemoryMb":256,"serviceAccountEmail":"tenet-poc@appspot.gserviceaccount.com","updateTime":"2022-09-22T15:09:30.270Z","versionId":"3","labels":{"deployment-tool":"cli-firebase"},"sourceUploadUrl":"https://storage.googleapis.com/uploads-930099791781.us-central1.cloudfunctions.appspot.com/c9a91a00-5d53-4c5d-86bc-2646f1a6e607.zip?GoogleAccessId=service-1059315983693@gcf-admin-robot.iam.gserviceaccount.com&Expires=1663862857&Signature=DacDGu8PWpnteX5QPWwjV4IfoBEbp8eyWOySY5Uz2vnJiDHeaGbWZOIZVmsXWGxtfbVJ8llULtyZxstt9E%2B4WYyXpctGzDYKy3BK8kft4Vm29zsmCQNi%2FIGtKvUe9l4ICb7X0bh2d8%2B6FMiEZbMRL3fzMzpiL%2B3G22Ejv%2FAmMQDNvhro29ORx6kmBS9ZVtmlayvyvb0HCurtB7B172nOFdur%2B1X4vOcDGpdp%2BRAo5IimPpDyfyKs462E60TnQdoVoBu30aiLGGai7Dj%2BKfsJFP7WE2%2F7zGhfdJ%2FoBaHq6IvC%2Bnn4PJ9CRe0LlwU%2FcW6tYV3Ymw33F8ifq0hVpNkN8g%3D%3D","environmentVariables":{"FIREBASE_CONFIG":"{\"projectId\":\"tenet-poc\",\"storageBucket\":\"tenet-poc.appspot.com\"}","GCLOUD_PROJECT":"tenet-poc"},"runtime":"nodejs10","ingressSettings":"ALLOW_ALL","buildId":"38c334d2-4d94-4d7d-b82f-ea3f8f8d505b","buildName":"projects/1059315983693/locations/us-central1/builds/38c334d2-4d94-4d7d-b82f-ea3f8f8d505b","dockerRegistry":"ARTIFACT_REGISTRY"},"versionId":"4","updateTime":"2022-09-22T15:37:46Z","buildId":"d011d20c-1760-495d-acc4-0177609e20b6","buildName":"projects/1059315983693/locations/us-central1/builds/d011d20c-1760-495d-acc4-0177609e20b6"}}
[debug] [2022-09-22T15:37:51.342Z] [update-default-us-central1-nextServer] Retrying task index 0
[debug] [2022-09-22T15:37:51.343Z] >>> [apiv2][query] GET https://cloudfunctions.googleapis.com/v1/operations/dGVuZXQtcG9jL3VzLWNlbnRyYWwxL25leHRTZXJ2ZXIvczdRS0dpSjJtOTQ [none]
[debug] [2022-09-22T15:37:51.970Z] <<< [apiv2][status] GET https://cloudfunctions.googleapis.com/v1/operations/dGVuZXQtcG9jL3VzLWNlbnRyYWwxL25leHRTZXJ2ZXIvczdRS0dpSjJtOTQ 200
[debug] [2022-09-22T15:37:51.971Z] <<< [apiv2][body] GET https://cloudfunctions.googleapis.com/v1/operations/dGVuZXQtcG9jL3VzLWNlbnRyYWwxL25leHRTZXJ2ZXIvczdRS0dpSjJtOTQ {"name":"operations/dGVuZXQtcG9jL3VzLWNlbnRyYWwxL25leHRTZXJ2ZXIvczdRS0dpSjJtOTQ","metadata":{"@type":"type.googleapis.com/google.cloud.functions.v1.OperationMetadataV1","target":"projects/tenet-poc/locations/us-central1/functions/nextServer","type":"UPDATE_FUNCTION","request":{"@type":"type.googleapis.com/google.cloud.functions.v1.CloudFunction","name":"projects/tenet-poc/locations/us-central1/functions/nextServer","httpsTrigger":{"url":"https://us-central1-tenet-poc.cloudfunctions.net/nextServer","securityLevel":"SECURE_ALWAYS"},"status":"OFFLINE","entryPoint":"nextServer","timeout":"60s","availableMemoryMb":256,"serviceAccountEmail":"tenet-poc@appspot.gserviceaccount.com","updateTime":"2022-09-22T15:09:30.270Z","versionId":"3","labels":{"deployment-tool":"cli-firebase"},"sourceUploadUrl":"https://storage.googleapis.com/uploads-930099791781.us-central1.cloudfunctions.appspot.com/c9a91a00-5d53-4c5d-86bc-2646f1a6e607.zip?GoogleAccessId=service-1059315983693@gcf-admin-robot.iam.gserviceaccount.com&Expires=1663862857&Signature=DacDGu8PWpnteX5QPWwjV4IfoBEbp8eyWOySY5Uz2vnJiDHeaGbWZOIZVmsXWGxtfbVJ8llULtyZxstt9E%2B4WYyXpctGzDYKy3BK8kft4Vm29zsmCQNi%2FIGtKvUe9l4ICb7X0bh2d8%2B6FMiEZbMRL3fzMzpiL%2B3G22Ejv%2FAmMQDNvhro29ORx6kmBS9ZVtmlayvyvb0HCurtB7B172nOFdur%2B1X4vOcDGpdp%2BRAo5IimPpDyfyKs462E60TnQdoVoBu30aiLGGai7Dj%2BKfsJFP7WE2%2F7zGhfdJ%2FoBaHq6IvC%2Bnn4PJ9CRe0LlwU%2FcW6tYV3Ymw33F8ifq0hVpNkN8g%3D%3D","environmentVariables":{"FIREBASE_CONFIG":"{\"projectId\":\"tenet-poc\",\"storageBucket\":\"tenet-poc.appspot.com\"}","GCLOUD_PROJECT":"tenet-poc"},"runtime":"nodejs10","ingressSettings":"ALLOW_ALL","buildId":"38c334d2-4d94-4d7d-b82f-ea3f8f8d505b","buildName":"projects/1059315983693/locations/us-central1/builds/38c334d2-4d94-4d7d-b82f-ea3f8f8d505b","dockerRegistry":"ARTIFACT_REGISTRY"},"versionId":"4","updateTime":"2022-09-22T15:37:46Z","buildId":"d011d20c-1760-495d-acc4-0177609e20b6","buildName":"projects/1059315983693/locations/us-central1/builds/d011d20c-1760-495d-acc4-0177609e20b6"}}
[debug] [2022-09-22T15:37:55.972Z] [update-default-us-central1-nextServer] Retrying task index 0
[debug] [2022-09-22T15:37:55.976Z] >>> [apiv2][query] GET https://cloudfunctions.googleapis.com/v1/operations/dGVuZXQtcG9jL3VzLWNlbnRyYWwxL25leHRTZXJ2ZXIvczdRS0dpSjJtOTQ [none]
[debug] [2022-09-22T15:37:56.373Z] <<< [apiv2][status] GET https://cloudfunctions.googleapis.com/v1/operations/dGVuZXQtcG9jL3VzLWNlbnRyYWwxL25leHRTZXJ2ZXIvczdRS0dpSjJtOTQ 200
[debug] [2022-09-22T15:37:56.373Z] <<< [apiv2][body] GET https://cloudfunctions.googleapis.com/v1/operations/dGVuZXQtcG9jL3VzLWNlbnRyYWwxL25leHRTZXJ2ZXIvczdRS0dpSjJtOTQ {"name":"operations/dGVuZXQtcG9jL3VzLWNlbnRyYWwxL25leHRTZXJ2ZXIvczdRS0dpSjJtOTQ","metadata":{"@type":"type.googleapis.com/google.cloud.functions.v1.OperationMetadataV1","target":"projects/tenet-poc/locations/us-central1/functions/nextServer","type":"UPDATE_FUNCTION","request":{"@type":"type.googleapis.com/google.cloud.functions.v1.CloudFunction","name":"projects/tenet-poc/locations/us-central1/functions/nextServer","httpsTrigger":{"url":"https://us-central1-tenet-poc.cloudfunctions.net/nextServer","securityLevel":"SECURE_ALWAYS"},"status":"OFFLINE","entryPoint":"nextServer","timeout":"60s","availableMemoryMb":256,"serviceAccountEmail":"tenet-poc@appspot.gserviceaccount.com","updateTime":"2022-09-22T15:09:30.270Z","versionId":"3","labels":{"deployment-tool":"cli-firebase"},"sourceUploadUrl":"https://storage.googleapis.com/uploads-930099791781.us-central1.cloudfunctions.appspot.com/c9a91a00-5d53-4c5d-86bc-2646f1a6e607.zip?GoogleAccessId=service-1059315983693@gcf-admin-robot.iam.gserviceaccount.com&Expires=1663862857&Signature=DacDGu8PWpnteX5QPWwjV4IfoBEbp8eyWOySY5Uz2vnJiDHeaGbWZOIZVmsXWGxtfbVJ8llULtyZxstt9E%2B4WYyXpctGzDYKy3BK8kft4Vm29zsmCQNi%2FIGtKvUe9l4ICb7X0bh2d8%2B6FMiEZbMRL3fzMzpiL%2B3G22Ejv%2FAmMQDNvhro29ORx6kmBS9ZVtmlayvyvb0HCurtB7B172nOFdur%2B1X4vOcDGpdp%2BRAo5IimPpDyfyKs462E60TnQdoVoBu30aiLGGai7Dj%2BKfsJFP7WE2%2F7zGhfdJ%2FoBaHq6IvC%2Bnn4PJ9CRe0LlwU%2FcW6tYV3Ymw33F8ifq0hVpNkN8g%3D%3D","environmentVariables":{"FIREBASE_CONFIG":"{\"projectId\":\"tenet-poc\",\"storageBucket\":\"tenet-poc.appspot.com\"}","GCLOUD_PROJECT":"tenet-poc"},"runtime":"nodejs10","ingressSettings":"ALLOW_ALL","buildId":"38c334d2-4d94-4d7d-b82f-ea3f8f8d505b","buildName":"projects/1059315983693/locations/us-central1/builds/38c334d2-4d94-4d7d-b82f-ea3f8f8d505b","dockerRegistry":"ARTIFACT_REGISTRY"},"versionId":"4","updateTime":"2022-09-22T15:37:46Z","buildId":"d011d20c-1760-495d-acc4-0177609e20b6","buildName":"projects/1059315983693/locations/us-central1/builds/d011d20c-1760-495d-acc4-0177609e20b6"}}
[debug] [2022-09-22T15:38:04.374Z] [update-default-us-central1-nextServer] Retrying task index 0
[debug] [2022-09-22T15:38:04.375Z] >>> [apiv2][query] GET https://cloudfunctions.googleapis.com/v1/operations/dGVuZXQtcG9jL3VzLWNlbnRyYWwxL25leHRTZXJ2ZXIvczdRS0dpSjJtOTQ [none]
[debug] [2022-09-22T15:38:04.871Z] <<< [apiv2][status] GET https://cloudfunctions.googleapis.com/v1/operations/dGVuZXQtcG9jL3VzLWNlbnRyYWwxL25leHRTZXJ2ZXIvczdRS0dpSjJtOTQ 200
[debug] [2022-09-22T15:38:04.871Z] <<< [apiv2][body] GET https://cloudfunctions.googleapis.com/v1/operations/dGVuZXQtcG9jL3VzLWNlbnRyYWwxL25leHRTZXJ2ZXIvczdRS0dpSjJtOTQ {"name":"operations/dGVuZXQtcG9jL3VzLWNlbnRyYWwxL25leHRTZXJ2ZXIvczdRS0dpSjJtOTQ","metadata":{"@type":"type.googleapis.com/google.cloud.functions.v1.OperationMetadataV1","target":"projects/tenet-poc/locations/us-central1/functions/nextServer","type":"UPDATE_FUNCTION","request":{"@type":"type.googleapis.com/google.cloud.functions.v1.CloudFunction","name":"projects/tenet-poc/locations/us-central1/functions/nextServer","httpsTrigger":{"url":"https://us-central1-tenet-poc.cloudfunctions.net/nextServer","securityLevel":"SECURE_ALWAYS"},"status":"OFFLINE","entryPoint":"nextServer","timeout":"60s","availableMemoryMb":256,"serviceAccountEmail":"tenet-poc@appspot.gserviceaccount.com","updateTime":"2022-09-22T15:09:30.270Z","versionId":"3","labels":{"deployment-tool":"cli-firebase"},"sourceUploadUrl":"https://storage.googleapis.com/uploads-930099791781.us-central1.cloudfunctions.appspot.com/c9a91a00-5d53-4c5d-86bc-2646f1a6e607.zip?GoogleAccessId=service-1059315983693@gcf-admin-robot.iam.gserviceaccount.com&Expires=1663862857&Signature=DacDGu8PWpnteX5QPWwjV4IfoBEbp8eyWOySY5Uz2vnJiDHeaGbWZOIZVmsXWGxtfbVJ8llULtyZxstt9E%2B4WYyXpctGzDYKy3BK8kft4Vm29zsmCQNi%2FIGtKvUe9l4ICb7X0bh2d8%2B6FMiEZbMRL3fzMzpiL%2B3G22Ejv%2FAmMQDNvhro29ORx6kmBS9ZVtmlayvyvb0HCurtB7B172nOFdur%2B1X4vOcDGpdp%2BRAo5IimPpDyfyKs462E60TnQdoVoBu30aiLGGai7Dj%2BKfsJFP7WE2%2F7zGhfdJ%2FoBaHq6IvC%2Bnn4PJ9CRe0LlwU%2FcW6tYV3Ymw33F8ifq0hVpNkN8g%3D%3D","environmentVariables":{"FIREBASE_CONFIG":"{\"projectId\":\"tenet-poc\",\"storageBucket\":\"tenet-poc.appspot.com\"}","GCLOUD_PROJECT":"tenet-poc"},"runtime":"nodejs10","ingressSettings":"ALLOW_ALL","buildId":"38c334d2-4d94-4d7d-b82f-ea3f8f8d505b","buildName":"projects/1059315983693/locations/us-central1/builds/38c334d2-4d94-4d7d-b82f-ea3f8f8d505b","dockerRegistry":"ARTIFACT_REGISTRY"},"versionId":"4","updateTime":"2022-09-22T15:37:46Z","buildId":"d011d20c-1760-495d-acc4-0177609e20b6","buildName":"projects/1059315983693/locations/us-central1/builds/d011d20c-1760-495d-acc4-0177609e20b6"}}
[debug] [2022-09-22T15:38:14.873Z] [update-default-us-central1-nextServer] Retrying task index 0
[debug] [2022-09-22T15:38:14.875Z] >>> [apiv2][query] GET https://cloudfunctions.googleapis.com/v1/operations/dGVuZXQtcG9jL3VzLWNlbnRyYWwxL25leHRTZXJ2ZXIvczdRS0dpSjJtOTQ [none]
[debug] [2022-09-22T15:38:15.309Z] <<< [apiv2][status] GET https://cloudfunctions.googleapis.com/v1/operations/dGVuZXQtcG9jL3VzLWNlbnRyYWwxL25leHRTZXJ2ZXIvczdRS0dpSjJtOTQ 200
[debug] [2022-09-22T15:38:15.309Z] <<< [apiv2][body] GET https://cloudfunctions.googleapis.com/v1/operations/dGVuZXQtcG9jL3VzLWNlbnRyYWwxL25leHRTZXJ2ZXIvczdRS0dpSjJtOTQ {"name":"operations/dGVuZXQtcG9jL3VzLWNlbnRyYWwxL25leHRTZXJ2ZXIvczdRS0dpSjJtOTQ","metadata":{"@type":"type.googleapis.com/google.cloud.functions.v1.OperationMetadataV1","target":"projects/tenet-poc/locations/us-central1/functions/nextServer","type":"UPDATE_FUNCTION","request":{"@type":"type.googleapis.com/google.cloud.functions.v1.CloudFunction","name":"projects/tenet-poc/locations/us-central1/functions/nextServer","httpsTrigger":{"url":"https://us-central1-tenet-poc.cloudfunctions.net/nextServer","securityLevel":"SECURE_ALWAYS"},"status":"OFFLINE","entryPoint":"nextServer","timeout":"60s","availableMemoryMb":256,"serviceAccountEmail":"tenet-poc@appspot.gserviceaccount.com","updateTime":"2022-09-22T15:09:30.270Z","versionId":"3","labels":{"deployment-tool":"cli-firebase"},"sourceUploadUrl":"https://storage.googleapis.com/uploads-930099791781.us-central1.cloudfunctions.appspot.com/c9a91a00-5d53-4c5d-86bc-2646f1a6e607.zip?GoogleAccessId=service-1059315983693@gcf-admin-robot.iam.gserviceaccount.com&Expires=1663862857&Signature=DacDGu8PWpnteX5QPWwjV4IfoBEbp8eyWOySY5Uz2vnJiDHeaGbWZOIZVmsXWGxtfbVJ8llULtyZxstt9E%2B4WYyXpctGzDYKy3BK8kft4Vm29zsmCQNi%2FIGtKvUe9l4ICb7X0bh2d8%2B6FMiEZbMRL3fzMzpiL%2B3G22Ejv%2FAmMQDNvhro29ORx6kmBS9ZVtmlayvyvb0HCurtB7B172nOFdur%2B1X4vOcDGpdp%2BRAo5IimPpDyfyKs462E60TnQdoVoBu30aiLGGai7Dj%2BKfsJFP7WE2%2F7zGhfdJ%2FoBaHq6IvC%2Bnn4PJ9CRe0LlwU%2FcW6tYV3Ymw33F8ifq0hVpNkN8g%3D%3D","environmentVariables":{"FIREBASE_CONFIG":"{\"projectId\":\"tenet-poc\",\"storageBucket\":\"tenet-poc.appspot.com\"}","GCLOUD_PROJECT":"tenet-poc"},"runtime":"nodejs10","ingressSettings":"ALLOW_ALL","buildId":"38c334d2-4d94-4d7d-b82f-ea3f8f8d505b","buildName":"projects/1059315983693/locations/us-central1/builds/38c334d2-4d94-4d7d-b82f-ea3f8f8d505b","dockerRegistry":"ARTIFACT_REGISTRY"},"versionId":"4","updateTime":"2022-09-22T15:37:46Z","buildId":"d011d20c-1760-495d-acc4-0177609e20b6","buildName":"projects/1059315983693/locations/us-central1/builds/d011d20c-1760-495d-acc4-0177609e20b6"}}
[debug] [2022-09-22T15:38:25.310Z] [update-default-us-central1-nextServer] Retrying task index 0
[debug] [2022-09-22T15:38:25.311Z] >>> [apiv2][query] GET https://cloudfunctions.googleapis.com/v1/operations/dGVuZXQtcG9jL3VzLWNlbnRyYWwxL25leHRTZXJ2ZXIvczdRS0dpSjJtOTQ [none]
[debug] [2022-09-22T15:38:25.586Z] <<< [apiv2][status] GET https://cloudfunctions.googleapis.com/v1/operations/dGVuZXQtcG9jL3VzLWNlbnRyYWwxL25leHRTZXJ2ZXIvczdRS0dpSjJtOTQ 200
[debug] [2022-09-22T15:38:25.587Z] <<< [apiv2][body] GET https://cloudfunctions.googleapis.com/v1/operations/dGVuZXQtcG9jL3VzLWNlbnRyYWwxL25leHRTZXJ2ZXIvczdRS0dpSjJtOTQ {"name":"operations/dGVuZXQtcG9jL3VzLWNlbnRyYWwxL25leHRTZXJ2ZXIvczdRS0dpSjJtOTQ","metadata":{"@type":"type.googleapis.com/google.cloud.functions.v1.OperationMetadataV1","target":"projects/tenet-poc/locations/us-central1/functions/nextServer","type":"UPDATE_FUNCTION","request":{"@type":"type.googleapis.com/google.cloud.functions.v1.CloudFunction","name":"projects/tenet-poc/locations/us-central1/functions/nextServer","httpsTrigger":{"url":"https://us-central1-tenet-poc.cloudfunctions.net/nextServer","securityLevel":"SECURE_ALWAYS"},"status":"OFFLINE","entryPoint":"nextServer","timeout":"60s","availableMemoryMb":256,"serviceAccountEmail":"tenet-poc@appspot.gserviceaccount.com","updateTime":"2022-09-22T15:09:30.270Z","versionId":"3","labels":{"deployment-tool":"cli-firebase"},"sourceUploadUrl":"https://storage.googleapis.com/uploads-930099791781.us-central1.cloudfunctions.appspot.com/c9a91a00-5d53-4c5d-86bc-2646f1a6e607.zip?GoogleAccessId=service-1059315983693@gcf-admin-robot.iam.gserviceaccount.com&Expires=1663862857&Signature=DacDGu8PWpnteX5QPWwjV4IfoBEbp8eyWOySY5Uz2vnJiDHeaGbWZOIZVmsXWGxtfbVJ8llULtyZxstt9E%2B4WYyXpctGzDYKy3BK8kft4Vm29zsmCQNi%2FIGtKvUe9l4ICb7X0bh2d8%2B6FMiEZbMRL3fzMzpiL%2B3G22Ejv%2FAmMQDNvhro29ORx6kmBS9ZVtmlayvyvb0HCurtB7B172nOFdur%2B1X4vOcDGpdp%2BRAo5IimPpDyfyKs462E60TnQdoVoBu30aiLGGai7Dj%2BKfsJFP7WE2%2F7zGhfdJ%2FoBaHq6IvC%2Bnn4PJ9CRe0LlwU%2FcW6tYV3Ymw33F8ifq0hVpNkN8g%3D%3D","environmentVariables":{"FIREBASE_CONFIG":"{\"projectId\":\"tenet-poc\",\"storageBucket\":\"tenet-poc.appspot.com\"}","GCLOUD_PROJECT":"tenet-poc"},"runtime":"nodejs10","ingressSettings":"ALLOW_ALL","buildId":"38c334d2-4d94-4d7d-b82f-ea3f8f8d505b","buildName":"projects/1059315983693/locations/us-central1/builds/38c334d2-4d94-4d7d-b82f-ea3f8f8d505b","dockerRegistry":"ARTIFACT_REGISTRY"},"versionId":"4","updateTime":"2022-09-22T15:37:46Z","buildId":"d011d20c-1760-495d-acc4-0177609e20b6","buildName":"projects/1059315983693/locations/us-central1/builds/d011d20c-1760-495d-acc4-0177609e20b6"}}
[debug] [2022-09-22T15:38:35.590Z] [update-default-us-central1-nextServer] Retrying task index 0
[debug] [2022-09-22T15:38:35.591Z] >>> [apiv2][query] GET https://cloudfunctions.googleapis.com/v1/operations/dGVuZXQtcG9jL3VzLWNlbnRyYWwxL25leHRTZXJ2ZXIvczdRS0dpSjJtOTQ [none]
[debug] [2022-09-22T15:38:35.857Z] <<< [apiv2][status] GET https://cloudfunctions.googleapis.com/v1/operations/dGVuZXQtcG9jL3VzLWNlbnRyYWwxL25leHRTZXJ2ZXIvczdRS0dpSjJtOTQ 200
[debug] [2022-09-22T15:38:35.857Z] <<< [apiv2][body] GET https://cloudfunctions.googleapis.com/v1/operations/dGVuZXQtcG9jL3VzLWNlbnRyYWwxL25leHRTZXJ2ZXIvczdRS0dpSjJtOTQ {"name":"operations/dGVuZXQtcG9jL3VzLWNlbnRyYWwxL25leHRTZXJ2ZXIvczdRS0dpSjJtOTQ","metadata":{"@type":"type.googleapis.com/google.cloud.functions.v1.OperationMetadataV1","target":"projects/tenet-poc/locations/us-central1/functions/nextServer","type":"UPDATE_FUNCTION","request":{"@type":"type.googleapis.com/google.cloud.functions.v1.CloudFunction","name":"projects/tenet-poc/locations/us-central1/functions/nextServer","httpsTrigger":{"url":"https://us-central1-tenet-poc.cloudfunctions.net/nextServer","securityLevel":"SECURE_ALWAYS"},"status":"OFFLINE","entryPoint":"nextServer","timeout":"60s","availableMemoryMb":256,"serviceAccountEmail":"tenet-poc@appspot.gserviceaccount.com","updateTime":"2022-09-22T15:09:30.270Z","versionId":"3","labels":{"deployment-tool":"cli-firebase"},"sourceUploadUrl":"https://storage.googleapis.com/uploads-930099791781.us-central1.cloudfunctions.appspot.com/c9a91a00-5d53-4c5d-86bc-2646f1a6e607.zip?GoogleAccessId=service-1059315983693@gcf-admin-robot.iam.gserviceaccount.com&Expires=1663862857&Signature=DacDGu8PWpnteX5QPWwjV4IfoBEbp8eyWOySY5Uz2vnJiDHeaGbWZOIZVmsXWGxtfbVJ8llULtyZxstt9E%2B4WYyXpctGzDYKy3BK8kft4Vm29zsmCQNi%2FIGtKvUe9l4ICb7X0bh2d8%2B6FMiEZbMRL3fzMzpiL%2B3G22Ejv%2FAmMQDNvhro29ORx6kmBS9ZVtmlayvyvb0HCurtB7B172nOFdur%2B1X4vOcDGpdp%2BRAo5IimPpDyfyKs462E60TnQdoVoBu30aiLGGai7Dj%2BKfsJFP7WE2%2F7zGhfdJ%2FoBaHq6IvC%2Bnn4PJ9CRe0LlwU%2FcW6tYV3Ymw33F8ifq0hVpNkN8g%3D%3D","environmentVariables":{"FIREBASE_CONFIG":"{\"projectId\":\"tenet-poc\",\"storageBucket\":\"tenet-poc.appspot.com\"}","GCLOUD_PROJECT":"tenet-poc"},"runtime":"nodejs10","ingressSettings":"ALLOW_ALL","buildId":"38c334d2-4d94-4d7d-b82f-ea3f8f8d505b","buildName":"projects/1059315983693/locations/us-central1/builds/38c334d2-4d94-4d7d-b82f-ea3f8f8d505b","dockerRegistry":"ARTIFACT_REGISTRY"},"versionId":"4","updateTime":"2022-09-22T15:37:46Z","buildId":"d011d20c-1760-495d-acc4-0177609e20b6","buildName":"projects/1059315983693/locations/us-central1/builds/d011d20c-1760-495d-acc4-0177609e20b6"}}
[debug] [2022-09-22T15:38:45.859Z] [update-default-us-central1-nextServer] Retrying task index 0
[debug] [2022-09-22T15:38:45.861Z] >>> [apiv2][query] GET https://cloudfunctions.googleapis.com/v1/operations/dGVuZXQtcG9jL3VzLWNlbnRyYWwxL25leHRTZXJ2ZXIvczdRS0dpSjJtOTQ [none]
[debug] [2022-09-22T15:38:46.138Z] <<< [apiv2][status] GET https://cloudfunctions.googleapis.com/v1/operations/dGVuZXQtcG9jL3VzLWNlbnRyYWwxL25leHRTZXJ2ZXIvczdRS0dpSjJtOTQ 200
[debug] [2022-09-22T15:38:46.138Z] <<< [apiv2][body] GET https://cloudfunctions.googleapis.com/v1/operations/dGVuZXQtcG9jL3VzLWNlbnRyYWwxL25leHRTZXJ2ZXIvczdRS0dpSjJtOTQ {"name":"operations/dGVuZXQtcG9jL3VzLWNlbnRyYWwxL25leHRTZXJ2ZXIvczdRS0dpSjJtOTQ","metadata":{"@type":"type.googleapis.com/google.cloud.functions.v1.OperationMetadataV1","target":"projects/tenet-poc/locations/us-central1/functions/nextServer","type":"UPDATE_FUNCTION","request":{"@type":"type.googleapis.com/google.cloud.functions.v1.CloudFunction","name":"projects/tenet-poc/locations/us-central1/functions/nextServer","httpsTrigger":{"url":"https://us-central1-tenet-poc.cloudfunctions.net/nextServer","securityLevel":"SECURE_ALWAYS"},"status":"OFFLINE","entryPoint":"nextServer","timeout":"60s","availableMemoryMb":256,"serviceAccountEmail":"tenet-poc@appspot.gserviceaccount.com","updateTime":"2022-09-22T15:09:30.270Z","versionId":"3","labels":{"deployment-tool":"cli-firebase"},"sourceUploadUrl":"https://storage.googleapis.com/uploads-930099791781.us-central1.cloudfunctions.appspot.com/c9a91a00-5d53-4c5d-86bc-2646f1a6e607.zip?GoogleAccessId=service-1059315983693@gcf-admin-robot.iam.gserviceaccount.com&Expires=1663862857&Signature=DacDGu8PWpnteX5QPWwjV4IfoBEbp8eyWOySY5Uz2vnJiDHeaGbWZOIZVmsXWGxtfbVJ8llULtyZxstt9E%2B4WYyXpctGzDYKy3BK8kft4Vm29zsmCQNi%2FIGtKvUe9l4ICb7X0bh2d8%2B6FMiEZbMRL3fzMzpiL%2B3G22Ejv%2FAmMQDNvhro29ORx6kmBS9ZVtmlayvyvb0HCurtB7B172nOFdur%2B1X4vOcDGpdp%2BRAo5IimPpDyfyKs462E60TnQdoVoBu30aiLGGai7Dj%2BKfsJFP7WE2%2F7zGhfdJ%2FoBaHq6IvC%2Bnn4PJ9CRe0LlwU%2FcW6tYV3Ymw33F8ifq0hVpNkN8g%3D%3D","environmentVariables":{"FIREBASE_CONFIG":"{\"projectId\":\"tenet-poc\",\"storageBucket\":\"tenet-poc.appspot.com\"}","GCLOUD_PROJECT":"tenet-poc"},"runtime":"nodejs10","ingressSettings":"ALLOW_ALL","buildId":"38c334d2-4d94-4d7d-b82f-ea3f8f8d505b","buildName":"projects/1059315983693/locations/us-central1/builds/38c334d2-4d94-4d7d-b82f-ea3f8f8d505b","dockerRegistry":"ARTIFACT_REGISTRY"},"versionId":"4","updateTime":"2022-09-22T15:37:46Z","buildId":"d011d20c-1760-495d-acc4-0177609e20b6","buildName":"projects/1059315983693/locations/us-central1/builds/d011d20c-1760-495d-acc4-0177609e20b6"}}
[debug] [2022-09-22T15:38:56.140Z] [update-default-us-central1-nextServer] Retrying task index 0
[debug] [2022-09-22T15:38:56.142Z] >>> [apiv2][query] GET https://cloudfunctions.googleapis.com/v1/operations/dGVuZXQtcG9jL3VzLWNlbnRyYWwxL25leHRTZXJ2ZXIvczdRS0dpSjJtOTQ [none]
[debug] [2022-09-22T15:38:56.432Z] <<< [apiv2][status] GET https://cloudfunctions.googleapis.com/v1/operations/dGVuZXQtcG9jL3VzLWNlbnRyYWwxL25leHRTZXJ2ZXIvczdRS0dpSjJtOTQ 200
[debug] [2022-09-22T15:38:56.432Z] <<< [apiv2][body] GET https://cloudfunctions.googleapis.com/v1/operations/dGVuZXQtcG9jL3VzLWNlbnRyYWwxL25leHRTZXJ2ZXIvczdRS0dpSjJtOTQ {"name":"operations/dGVuZXQtcG9jL3VzLWNlbnRyYWwxL25leHRTZXJ2ZXIvczdRS0dpSjJtOTQ","metadata":{"@type":"type.googleapis.com/google.cloud.functions.v1.OperationMetadataV1","target":"projects/tenet-poc/locations/us-central1/functions/nextServer","type":"UPDATE_FUNCTION","request":{"@type":"type.googleapis.com/google.cloud.functions.v1.CloudFunction","name":"projects/tenet-poc/locations/us-central1/functions/nextServer","httpsTrigger":{"url":"https://us-central1-tenet-poc.cloudfunctions.net/nextServer","securityLevel":"SECURE_ALWAYS"},"status":"OFFLINE","entryPoint":"nextServer","timeout":"60s","availableMemoryMb":256,"serviceAccountEmail":"tenet-poc@appspot.gserviceaccount.com","updateTime":"2022-09-22T15:09:30.270Z","versionId":"3","labels":{"deployment-tool":"cli-firebase"},"sourceUploadUrl":"https://storage.googleapis.com/uploads-930099791781.us-central1.cloudfunctions.appspot.com/c9a91a00-5d53-4c5d-86bc-2646f1a6e607.zip?GoogleAccessId=service-1059315983693@gcf-admin-robot.iam.gserviceaccount.com&Expires=1663862857&Signature=DacDGu8PWpnteX5QPWwjV4IfoBEbp8eyWOySY5Uz2vnJiDHeaGbWZOIZVmsXWGxtfbVJ8llULtyZxstt9E%2B4WYyXpctGzDYKy3BK8kft4Vm29zsmCQNi%2FIGtKvUe9l4ICb7X0bh2d8%2B6FMiEZbMRL3fzMzpiL%2B3G22Ejv%2FAmMQDNvhro29ORx6kmBS9ZVtmlayvyvb0HCurtB7B172nOFdur%2B1X4vOcDGpdp%2BRAo5IimPpDyfyKs462E60TnQdoVoBu30aiLGGai7Dj%2BKfsJFP7WE2%2F7zGhfdJ%2FoBaHq6IvC%2Bnn4PJ9CRe0LlwU%2FcW6tYV3Ymw33F8ifq0hVpNkN8g%3D%3D","environmentVariables":{"FIREBASE_CONFIG":"{\"projectId\":\"tenet-poc\",\"storageBucket\":\"tenet-poc.appspot.com\"}","GCLOUD_PROJECT":"tenet-poc"},"runtime":"nodejs10","ingressSettings":"ALLOW_ALL","buildId":"38c334d2-4d94-4d7d-b82f-ea3f8f8d505b","buildName":"projects/1059315983693/locations/us-central1/builds/38c334d2-4d94-4d7d-b82f-ea3f8f8d505b","dockerRegistry":"ARTIFACT_REGISTRY"},"versionId":"4","updateTime":"2022-09-22T15:37:46Z","buildId":"d011d20c-1760-495d-acc4-0177609e20b6","sourceToken":"168386e1-d417-4aee-acd8-f69b5ae3452c","buildName":"projects/1059315983693/locations/us-central1/builds/d011d20c-1760-495d-acc4-0177609e20b6"}}
[debug] [2022-09-22T15:38:56.433Z] Got source token 168386e1-d417-4aee-acd8-f69b5ae3452c for region us-central1
[debug] [2022-09-22T15:39:06.435Z] [update-default-us-central1-nextServer] Retrying task index 0
[debug] [2022-09-22T15:39:06.436Z] >>> [apiv2][query] GET https://cloudfunctions.googleapis.com/v1/operations/dGVuZXQtcG9jL3VzLWNlbnRyYWwxL25leHRTZXJ2ZXIvczdRS0dpSjJtOTQ [none]
[debug] [2022-09-22T15:39:06.925Z] <<< [apiv2][status] GET https://cloudfunctions.googleapis.com/v1/operations/dGVuZXQtcG9jL3VzLWNlbnRyYWwxL25leHRTZXJ2ZXIvczdRS0dpSjJtOTQ 200
[debug] [2022-09-22T15:39:06.925Z] <<< [apiv2][body] GET https://cloudfunctions.googleapis.com/v1/operations/dGVuZXQtcG9jL3VzLWNlbnRyYWwxL25leHRTZXJ2ZXIvczdRS0dpSjJtOTQ {"name":"operations/dGVuZXQtcG9jL3VzLWNlbnRyYWwxL25leHRTZXJ2ZXIvczdRS0dpSjJtOTQ","metadata":{"@type":"type.googleapis.com/google.cloud.functions.v1.OperationMetadataV1","target":"projects/tenet-poc/locations/us-central1/functions/nextServer","type":"UPDATE_FUNCTION","request":{"@type":"type.googleapis.com/google.cloud.functions.v1.CloudFunction","name":"projects/tenet-poc/locations/us-central1/functions/nextServer","httpsTrigger":{"url":"https://us-central1-tenet-poc.cloudfunctions.net/nextServer","securityLevel":"SECURE_ALWAYS"},"status":"OFFLINE","entryPoint":"nextServer","timeout":"60s","availableMemoryMb":256,"serviceAccountEmail":"tenet-poc@appspot.gserviceaccount.com","updateTime":"2022-09-22T15:09:30.270Z","versionId":"3","labels":{"deployment-tool":"cli-firebase"},"sourceUploadUrl":"https://storage.googleapis.com/uploads-930099791781.us-central1.cloudfunctions.appspot.com/c9a91a00-5d53-4c5d-86bc-2646f1a6e607.zip?GoogleAccessId=service-1059315983693@gcf-admin-robot.iam.gserviceaccount.com&Expires=1663862857&Signature=DacDGu8PWpnteX5QPWwjV4IfoBEbp8eyWOySY5Uz2vnJiDHeaGbWZOIZVmsXWGxtfbVJ8llULtyZxstt9E%2B4WYyXpctGzDYKy3BK8kft4Vm29zsmCQNi%2FIGtKvUe9l4ICb7X0bh2d8%2B6FMiEZbMRL3fzMzpiL%2B3G22Ejv%2FAmMQDNvhro29ORx6kmBS9ZVtmlayvyvb0HCurtB7B172nOFdur%2B1X4vOcDGpdp%2BRAo5IimPpDyfyKs462E60TnQdoVoBu30aiLGGai7Dj%2BKfsJFP7WE2%2F7zGhfdJ%2FoBaHq6IvC%2Bnn4PJ9CRe0LlwU%2FcW6tYV3Ymw33F8ifq0hVpNkN8g%3D%3D","environmentVariables":{"FIREBASE_CONFIG":"{\"projectId\":\"tenet-poc\",\"storageBucket\":\"tenet-poc.appspot.com\"}","GCLOUD_PROJECT":"tenet-poc"},"runtime":"nodejs10","ingressSettings":"ALLOW_ALL","buildId":"38c334d2-4d94-4d7d-b82f-ea3f8f8d505b","buildName":"projects/1059315983693/locations/us-central1/builds/38c334d2-4d94-4d7d-b82f-ea3f8f8d505b","dockerRegistry":"ARTIFACT_REGISTRY"},"versionId":"4","updateTime":"2022-09-22T15:37:46Z","buildId":"d011d20c-1760-495d-acc4-0177609e20b6","sourceToken":"168386e1-d417-4aee-acd8-f69b5ae3452c","buildName":"projects/1059315983693/locations/us-central1/builds/d011d20c-1760-495d-acc4-0177609e20b6"}}
[debug] [2022-09-22T15:39:06.926Z] Got source token 168386e1-d417-4aee-acd8-f69b5ae3452c for region us-central1
[debug] [2022-09-22T15:39:16.928Z] [update-default-us-central1-nextServer] Retrying task index 0
[debug] [2022-09-22T15:39:16.929Z] >>> [apiv2][query] GET https://cloudfunctions.googleapis.com/v1/operations/dGVuZXQtcG9jL3VzLWNlbnRyYWwxL25leHRTZXJ2ZXIvczdRS0dpSjJtOTQ [none]
[debug] [2022-09-22T15:39:17.402Z] <<< [apiv2][status] GET https://cloudfunctions.googleapis.com/v1/operations/dGVuZXQtcG9jL3VzLWNlbnRyYWwxL25leHRTZXJ2ZXIvczdRS0dpSjJtOTQ 200
[debug] [2022-09-22T15:39:17.403Z] <<< [apiv2][body] GET https://cloudfunctions.googleapis.com/v1/operations/dGVuZXQtcG9jL3VzLWNlbnRyYWwxL25leHRTZXJ2ZXIvczdRS0dpSjJtOTQ {"name":"operations/dGVuZXQtcG9jL3VzLWNlbnRyYWwxL25leHRTZXJ2ZXIvczdRS0dpSjJtOTQ","metadata":{"@type":"type.googleapis.com/google.cloud.functions.v1.OperationMetadataV1","target":"projects/tenet-poc/locations/us-central1/functions/nextServer","type":"UPDATE_FUNCTION","request":{"@type":"type.googleapis.com/google.cloud.functions.v1.CloudFunction","name":"projects/tenet-poc/locations/us-central1/functions/nextServer","httpsTrigger":{"url":"https://us-central1-tenet-poc.cloudfunctions.net/nextServer","securityLevel":"SECURE_ALWAYS"},"status":"OFFLINE","entryPoint":"nextServer","timeout":"60s","availableMemoryMb":256,"serviceAccountEmail":"tenet-poc@appspot.gserviceaccount.com","updateTime":"2022-09-22T15:09:30.270Z","versionId":"3","labels":{"deployment-tool":"cli-firebase"},"sourceUploadUrl":"https://storage.googleapis.com/uploads-930099791781.us-central1.cloudfunctions.appspot.com/c9a91a00-5d53-4c5d-86bc-2646f1a6e607.zip?GoogleAccessId=service-1059315983693@gcf-admin-robot.iam.gserviceaccount.com&Expires=1663862857&Signature=DacDGu8PWpnteX5QPWwjV4IfoBEbp8eyWOySY5Uz2vnJiDHeaGbWZOIZVmsXWGxtfbVJ8llULtyZxstt9E%2B4WYyXpctGzDYKy3BK8kft4Vm29zsmCQNi%2FIGtKvUe9l4ICb7X0bh2d8%2B6FMiEZbMRL3fzMzpiL%2B3G22Ejv%2FAmMQDNvhro29ORx6kmBS9ZVtmlayvyvb0HCurtB7B172nOFdur%2B1X4vOcDGpdp%2BRAo5IimPpDyfyKs462E60TnQdoVoBu30aiLGGai7Dj%2BKfsJFP7WE2%2F7zGhfdJ%2FoBaHq6IvC%2Bnn4PJ9CRe0LlwU%2FcW6tYV3Ymw33F8ifq0hVpNkN8g%3D%3D","environmentVariables":{"FIREBASE_CONFIG":"{\"projectId\":\"tenet-poc\",\"storageBucket\":\"tenet-poc.appspot.com\"}","GCLOUD_PROJECT":"tenet-poc"},"runtime":"nodejs10","ingressSettings":"ALLOW_ALL","buildId":"38c334d2-4d94-4d7d-b82f-ea3f8f8d505b","buildName":"projects/1059315983693/locations/us-central1/builds/38c334d2-4d94-4d7d-b82f-ea3f8f8d505b","dockerRegistry":"ARTIFACT_REGISTRY"},"versionId":"4","updateTime":"2022-09-22T15:39:10Z","buildId":"d011d20c-1760-495d-acc4-0177609e20b6","sourceToken":"168386e1-d417-4aee-acd8-f69b5ae3452c","buildName":"projects/1059315983693/locations/us-central1/builds/d011d20c-1760-495d-acc4-0177609e20b6"},"done":true,"error":{"code":3,"message":"Function failed on loading user code. This is likely due to a bug in the user code. Error message: Error: please examine your function logs to see the error cause: https://cloud.google.com/functions/docs/monitoring/logging#viewing_logs. Additional troubleshooting documentation can be found at https://cloud.google.com/functions/docs/troubleshooting#logging. Please visit https://cloud.google.com/functions/docs/troubleshooting for in-depth troubleshooting documentation."}}
[debug] [2022-09-22T15:39:17.403Z] Got source token 168386e1-d417-4aee-acd8-f69b5ae3452c for region us-central1
[error] Function failed on loading user code. This is likely due to a bug in the user code. Error message: Error: please examine your function logs to see the error cause: https://cloud.google.com/functions/docs/monitoring/logging#viewing_logs. Additional troubleshooting documentation can be found at https://cloud.google.com/functions/docs/troubleshooting#logging. Please visit https://cloud.google.com/functions/docs/troubleshooting for in-depth troubleshooting documentation.
[debug] [2022-09-22T15:39:17.407Z] Total Function Deployment time: 91678
[debug] [2022-09-22T15:39:17.407Z] 1 Functions Deployed
[debug] [2022-09-22T15:39:17.407Z] 1 Functions Errored
[debug] [2022-09-22T15:39:17.407Z] 0 Function Deployments Aborted
[debug] [2022-09-22T15:39:17.407Z] Average Function Deployment time: 91678
[info] 
[info] Functions deploy had errors with the following functions:
	nextServer(us-central1)
[debug] [2022-09-22T15:39:17.601Z] Not printing URL for HTTPS function. Typically this means it didn't match a filter or we failed deployment
[info] i  functions: cleaning up build files... 
[debug] [2022-09-22T15:39:17.605Z] >>> [apiv2][query] DELETE https://artifactregistry.googleapis.com/v1beta2/projects/tenet-poc/locations/us-central1/repositories/gcf-artifacts/packages/next_server [none]
[debug] [2022-09-22T15:39:17.606Z] >>> [apiv2][query] GET https://us.gcr.io/v2/tenet-poc/gcf/us-central1/tags/list [none]
[debug] [2022-09-22T15:39:17.887Z] <<< [apiv2][status] GET https://us.gcr.io/v2/tenet-poc/gcf/us-central1/tags/list 200
[debug] [2022-09-22T15:39:17.888Z] <<< [apiv2][body] GET https://us.gcr.io/v2/tenet-poc/gcf/us-central1/tags/list {"child":[],"manifest":{},"name":"tenet-poc/gcf/us-central1","tags":[]}
[debug] [2022-09-22T15:39:17.888Z] Could not find image for function projects/tenet-poc/locations/us-central1/functions/nextServer
[debug] [2022-09-22T15:39:19.062Z] <<< [apiv2][status] DELETE https://artifactregistry.googleapis.com/v1beta2/projects/tenet-poc/locations/us-central1/repositories/gcf-artifacts/packages/next_server 200
[debug] [2022-09-22T15:39:19.063Z] <<< [apiv2][body] DELETE https://artifactregistry.googleapis.com/v1beta2/projects/tenet-poc/locations/us-central1/repositories/gcf-artifacts/packages/next_server {"name":"projects/tenet-poc/locations/us-central1/operations/3ff801e1-734c-4e53-87a7-e764f290f46f","metadata":{"@type":"type.googleapis.com/google.devtools.artifactregistry.v1beta2.OperationMetadata"}}
[debug] [2022-09-22T15:39:19.063Z] >>> [apiv2][query] GET https://artifactregistry.googleapis.com/v1beta2/projects/tenet-poc/locations/us-central1/operations/3ff801e1-734c-4e53-87a7-e764f290f46f [none]
[debug] [2022-09-22T15:39:20.545Z] <<< [apiv2][status] GET https://artifactregistry.googleapis.com/v1beta2/projects/tenet-poc/locations/us-central1/operations/3ff801e1-734c-4e53-87a7-e764f290f46f 200
[debug] [2022-09-22T15:39:20.545Z] <<< [apiv2][body] GET https://artifactregistry.googleapis.com/v1beta2/projects/tenet-poc/locations/us-central1/operations/3ff801e1-734c-4e53-87a7-e764f290f46f {"name":"projects/tenet-poc/locations/us-central1/operations/3ff801e1-734c-4e53-87a7-e764f290f46f","metadata":{"@type":"type.googleapis.com/google.devtools.artifactregistry.v1beta2.OperationMetadata"},"done":true,"response":{"@type":"type.googleapis.com/google.devtools.artifactregistry.v1beta2.Package","name":"projects/tenet-poc/locations/us-central1/repositories/gcf-artifacts/packages/next_server"}}
[debug] [2022-09-22T15:39:20.546Z] Functions deploy failed.
[debug] [2022-09-22T15:39:20.546Z] {
  "endpoint": {
    "id": "nextServer",
    "project": "tenet-poc",
    "region": "us-central1",
    "entryPoint": "nextServer",
    "platform": "gcfv1",
    "runtime": "nodejs10",
    "httpsTrigger": {},
    "environmentVariables": {
      "FIREBASE_CONFIG": "{\"projectId\":\"tenet-poc\",\"storageBucket\":\"tenet-poc.appspot.com\"}",
      "GCLOUD_PROJECT": "tenet-poc"
    },
    "codebase": "default",
    "availableMemoryMb": 256,
    "securityLevel": "SECURE_ALWAYS",
    "labels": {
      "deployment-tool": "cli-firebase"
    }
  },
  "op": "update",
  "original": {
    "name": "FirebaseError",
    "children": [],
    "exit": 1,
    "message": "Function failed on loading user code. This is likely due to a bug in the user code. Error message: Error: please examine your function logs to see the error cause: https://cloud.google.com/functions/docs/monitoring/logging#viewing_logs. Additional troubleshooting documentation can be found at https://cloud.google.com/functions/docs/troubleshooting#logging. Please visit https://cloud.google.com/functions/docs/troubleshooting for in-depth troubleshooting documentation.",
    "status": 3
  }
}
[debug] [2022-09-22T15:39:20.731Z] Error: Failed to update function nextServer in region us-central1
    at /usr/local/lib/node_modules/firebase-tools/lib/deploy/functions/release/fabricator.js:42:11
    at processTicksAndRejections (node:internal/process/task_queues:96:5)
    at async Fabricator.updateV1Function (/usr/local/lib/node_modules/firebase-tools/lib/deploy/functions/release/fabricator.js:306:32)
    at async Fabricator.updateEndpoint (/usr/local/lib/node_modules/firebase-tools/lib/deploy/functions/release/fabricator.js:141:13)
    at async handle (/usr/local/lib/node_modules/firebase-tools/lib/deploy/functions/release/fabricator.js:79:17)
[error] 
[error] Error: There was an error deploying functions
